<?xml version="1.0" encoding="UTF-8"?>
<!-- Generated by org.testng.reporters.JUnitReportReporter -->
<testsuite hostname="DESKTOP-509G930" failures="0" tests="1" name="Selleniun_start_projects.Selleniun_start_projects.AppTest" time="4.807" errors="0" timestamp="16 Jan 2025 14:28:56 GMT">
  <testcase classname="Selleniun_start_projects.Selleniun_start_projects.AppTest" name="Tests1" time="4.807"/>
</testsuite> <!-- Selleniun_start_projects.Selleniun_start_projects.AppTest -->
